<?xml version="1.0" encoding="UTF-8"?>
<testng-results ignored="0" total="1" passed="1" failed="0" skipped="0">
  <reporter-output>
  </reporter-output>
  <suite started-at="2022-08-30T08:02:14 IST" name="Default suite" finished-at="2022-08-30T08:02:28 IST" duration-ms="14336">
    <groups>
    </groups>
    <test started-at="2022-08-30T08:02:14 IST" name="Default test" finished-at="2022-08-30T08:02:28 IST" duration-ms="14336">
      <class name="TestCases.VerifySinupTestcases">
        <test-method signature="SignUp()[pri:0, instance:TestCases.VerifySinupTestcases@56cdfb3b]" started-at="2022-08-30T08:02:14 IST" name="SignUp" finished-at="2022-08-30T08:02:28 IST" duration-ms="14265" status="PASS">
          <reporter-output>
          </reporter-output>
        </test-method> <!-- SignUp -->
      </class> <!-- TestCases.VerifySinupTestcases -->
    </test> <!-- Default test -->
  </suite> <!-- Default suite -->
</testng-results>
